<?xml version="1.0" encoding="UTF-8"?>
<testng-results ignored="0" total="5" passed="5" failed="0" skipped="0">
  <reporter-output>
    <line>
      <![CDATA[<a href='C:\Users\User\Documents\GitHub\rcgchallenge\test-output\screenshots\Report_22_06_2024_12_20_21_BUILD-1\performAdditionTest.png'> <img src='C:\Users\User\Documents\GitHub\rcgchallenge\test-output\screenshots\Report_22_06_2024_12_20_21_BUILD-1\performAdditionTest.png' height='100' width='100'/> </a>]]>
    </line>
    <line>
      <![CDATA[<a href='C:\Users\User\Documents\GitHub\rcgchallenge\test-output\screenshots\Report_22_06_2024_12_20_21_BUILD-1\performConcatenationTest.png'> <img src='C:\Users\User\Documents\GitHub\rcgchallenge\test-output\screenshots\Report_22_06_2024_12_20_21_BUILD-1\performConcatenationTest.png' height='100' width='100'/> </a>]]>
    </line>
    <line>
      <![CDATA[<a href='C:\Users\User\Documents\GitHub\rcgchallenge\test-output\screenshots\Report_22_06_2024_12_20_21_BUILD-1\performDivisionTest.png'> <img src='C:\Users\User\Documents\GitHub\rcgchallenge\test-output\screenshots\Report_22_06_2024_12_20_21_BUILD-1\performDivisionTest.png' height='100' width='100'/> </a>]]>
    </line>
    <line>
      <![CDATA[<a href='C:\Users\User\Documents\GitHub\rcgchallenge\test-output\screenshots\Report_22_06_2024_12_20_21_BUILD-1\performMultiplicationTest.png'> <img src='C:\Users\User\Documents\GitHub\rcgchallenge\test-output\screenshots\Report_22_06_2024_12_20_21_BUILD-1\performMultiplicationTest.png' height='100' width='100'/> </a>]]>
    </line>
    <line>
      <![CDATA[<a href='C:\Users\User\Documents\GitHub\rcgchallenge\test-output\screenshots\Report_22_06_2024_12_20_21_BUILD-1\performSubtractionTest.png'> <img src='C:\Users\User\Documents\GitHub\rcgchallenge\test-output\screenshots\Report_22_06_2024_12_20_21_BUILD-1\performSubtractionTest.png' height='100' width='100'/> </a>]]>
    </line>
  </reporter-output>
  <suite started-at="2024-06-22T00:20:21 PST" name="Default suite" finished-at="2024-06-22T00:20:37 PST" duration-ms="15372">
    <groups>
    </groups>
    <test started-at="2024-06-22T00:20:21 PST" name="Default test" finished-at="2024-06-22T00:20:37 PST" duration-ms="15372">
      <class name="ian.project.testcases.CalculatorTests">
        <test-method is-config="true" signature="setUp()[pri:0, instance:ian.project.testcases.CalculatorTests@5d0a1059]" started-at="2024-06-22T00:20:15 PST" name="setUp" finished-at="2024-06-22T00:20:21 PST" duration-ms="6063" status="PASS">
          <reporter-output>
          </reporter-output>
        </test-method> <!-- setUp -->
        <test-method is-config="true" signature="setupBeforeTest()[pri:0, instance:ian.project.testcases.CalculatorTests@5d0a1059]" started-at="2024-06-22T00:20:21 PST" name="setupBeforeTest" finished-at="2024-06-22T00:20:22 PST" duration-ms="211" status="PASS">
          <reporter-output>
          </reporter-output>
        </test-method> <!-- setupBeforeTest -->
        <test-method signature="performAdditionTest()[pri:0, instance:ian.project.testcases.CalculatorTests@5d0a1059]" started-at="2024-06-22T00:20:22 PST" name="performAdditionTest" finished-at="2024-06-22T00:20:22 PST" duration-ms="662" status="PASS">
          <reporter-output>
          </reporter-output>
        </test-method> <!-- performAdditionTest -->
        <test-method is-config="true" signature="captureTest(org.testng.ITestResult)[pri:0, instance:ian.project.testcases.CalculatorTests@5d0a1059]" started-at="2024-06-22T00:20:22 PST" name="captureTest" finished-at="2024-06-22T00:20:24 PST" duration-ms="2214" status="PASS">
          <params>
            <param index="0">
              <value>
                <![CDATA[[TestResult name=performAdditionTest status=SUCCESS method=CalculatorTests.performAdditionTest()[pri:0, instance:ian.project.testcases.CalculatorTests@5d0a1059] output={null}]]]>
              </value>
            </param>
          </params>
          <reporter-output>
            <line>
              <![CDATA[<a href='C:\Users\User\Documents\GitHub\rcgchallenge\test-output\screenshots\Report_22_06_2024_12_20_21_BUILD-1\performAdditionTest.png'> <img src='C:\Users\User\Documents\GitHub\rcgchallenge\test-output\screenshots\Report_22_06_2024_12_20_21_BUILD-1\performAdditionTest.png' height='100' width='100'/> </a>]]>
            </line>
          </reporter-output>
        </test-method> <!-- captureTest -->
        <test-method is-config="true" signature="setupBeforeTest()[pri:0, instance:ian.project.testcases.CalculatorTests@5d0a1059]" started-at="2024-06-22T00:20:24 PST" name="setupBeforeTest" finished-at="2024-06-22T00:20:25 PST" duration-ms="160" status="PASS">
          <reporter-output>
          </reporter-output>
        </test-method> <!-- setupBeforeTest -->
        <test-method signature="performConcatenationTest()[pri:0, instance:ian.project.testcases.CalculatorTests@5d0a1059]" started-at="2024-06-22T00:20:25 PST" name="performConcatenationTest" finished-at="2024-06-22T00:20:25 PST" duration-ms="678" status="PASS">
          <reporter-output>
          </reporter-output>
        </test-method> <!-- performConcatenationTest -->
        <test-method is-config="true" signature="captureTest(org.testng.ITestResult)[pri:0, instance:ian.project.testcases.CalculatorTests@5d0a1059]" started-at="2024-06-22T00:20:25 PST" name="captureTest" finished-at="2024-06-22T00:20:27 PST" duration-ms="2154" status="PASS">
          <params>
            <param index="0">
              <value>
                <![CDATA[[TestResult name=performConcatenationTest status=SUCCESS method=CalculatorTests.performConcatenationTest()[pri:0, instance:ian.project.testcases.CalculatorTests@5d0a1059] output={null}]]]>
              </value>
            </param>
          </params>
          <reporter-output>
            <line>
              <![CDATA[<a href='C:\Users\User\Documents\GitHub\rcgchallenge\test-output\screenshots\Report_22_06_2024_12_20_21_BUILD-1\performConcatenationTest.png'> <img src='C:\Users\User\Documents\GitHub\rcgchallenge\test-output\screenshots\Report_22_06_2024_12_20_21_BUILD-1\performConcatenationTest.png' height='100' width='100'/> </a>]]>
            </line>
          </reporter-output>
        </test-method> <!-- captureTest -->
        <test-method is-config="true" signature="setupBeforeTest()[pri:0, instance:ian.project.testcases.CalculatorTests@5d0a1059]" started-at="2024-06-22T00:20:27 PST" name="setupBeforeTest" finished-at="2024-06-22T00:20:28 PST" duration-ms="220" status="PASS">
          <reporter-output>
          </reporter-output>
        </test-method> <!-- setupBeforeTest -->
        <test-method signature="performDivisionTest()[pri:0, instance:ian.project.testcases.CalculatorTests@5d0a1059]" started-at="2024-06-22T00:20:28 PST" name="performDivisionTest" finished-at="2024-06-22T00:20:29 PST" duration-ms="860" status="PASS">
          <reporter-output>
          </reporter-output>
        </test-method> <!-- performDivisionTest -->
        <test-method is-config="true" signature="captureTest(org.testng.ITestResult)[pri:0, instance:ian.project.testcases.CalculatorTests@5d0a1059]" started-at="2024-06-22T00:20:29 PST" name="captureTest" finished-at="2024-06-22T00:20:31 PST" duration-ms="2195" status="PASS">
          <params>
            <param index="0">
              <value>
                <![CDATA[[TestResult name=performDivisionTest status=SUCCESS method=CalculatorTests.performDivisionTest()[pri:0, instance:ian.project.testcases.CalculatorTests@5d0a1059] output={null}]]]>
              </value>
            </param>
          </params>
          <reporter-output>
            <line>
              <![CDATA[<a href='C:\Users\User\Documents\GitHub\rcgchallenge\test-output\screenshots\Report_22_06_2024_12_20_21_BUILD-1\performDivisionTest.png'> <img src='C:\Users\User\Documents\GitHub\rcgchallenge\test-output\screenshots\Report_22_06_2024_12_20_21_BUILD-1\performDivisionTest.png' height='100' width='100'/> </a>]]>
            </line>
          </reporter-output>
        </test-method> <!-- captureTest -->
        <test-method is-config="true" signature="setupBeforeTest()[pri:0, instance:ian.project.testcases.CalculatorTests@5d0a1059]" started-at="2024-06-22T00:20:31 PST" name="setupBeforeTest" finished-at="2024-06-22T00:20:31 PST" duration-ms="181" status="PASS">
          <reporter-output>
          </reporter-output>
        </test-method> <!-- setupBeforeTest -->
        <test-method signature="performMultiplicationTest()[pri:0, instance:ian.project.testcases.CalculatorTests@5d0a1059]" started-at="2024-06-22T00:20:31 PST" name="performMultiplicationTest" finished-at="2024-06-22T00:20:32 PST" duration-ms="658" status="PASS">
          <reporter-output>
          </reporter-output>
        </test-method> <!-- performMultiplicationTest -->
        <test-method is-config="true" signature="captureTest(org.testng.ITestResult)[pri:0, instance:ian.project.testcases.CalculatorTests@5d0a1059]" started-at="2024-06-22T00:20:32 PST" name="captureTest" finished-at="2024-06-22T00:20:34 PST" duration-ms="2187" status="PASS">
          <params>
            <param index="0">
              <value>
                <![CDATA[[TestResult name=performMultiplicationTest status=SUCCESS method=CalculatorTests.performMultiplicationTest()[pri:0, instance:ian.project.testcases.CalculatorTests@5d0a1059] output={null}]]]>
              </value>
            </param>
          </params>
          <reporter-output>
            <line>
              <![CDATA[<a href='C:\Users\User\Documents\GitHub\rcgchallenge\test-output\screenshots\Report_22_06_2024_12_20_21_BUILD-1\performMultiplicationTest.png'> <img src='C:\Users\User\Documents\GitHub\rcgchallenge\test-output\screenshots\Report_22_06_2024_12_20_21_BUILD-1\performMultiplicationTest.png' height='100' width='100'/> </a>]]>
            </line>
          </reporter-output>
        </test-method> <!-- captureTest -->
        <test-method is-config="true" signature="setupBeforeTest()[pri:0, instance:ian.project.testcases.CalculatorTests@5d0a1059]" started-at="2024-06-22T00:20:34 PST" name="setupBeforeTest" finished-at="2024-06-22T00:20:34 PST" duration-ms="162" status="PASS">
          <reporter-output>
          </reporter-output>
        </test-method> <!-- setupBeforeTest -->
        <test-method signature="performSubtractionTest()[pri:0, instance:ian.project.testcases.CalculatorTests@5d0a1059]" started-at="2024-06-22T00:20:34 PST" name="performSubtractionTest" finished-at="2024-06-22T00:20:35 PST" duration-ms="644" status="PASS">
          <reporter-output>
          </reporter-output>
        </test-method> <!-- performSubtractionTest -->
        <test-method is-config="true" signature="captureTest(org.testng.ITestResult)[pri:0, instance:ian.project.testcases.CalculatorTests@5d0a1059]" started-at="2024-06-22T00:20:35 PST" name="captureTest" finished-at="2024-06-22T00:20:37 PST" duration-ms="2158" status="PASS">
          <params>
            <param index="0">
              <value>
                <![CDATA[[TestResult name=performSubtractionTest status=SUCCESS method=CalculatorTests.performSubtractionTest()[pri:0, instance:ian.project.testcases.CalculatorTests@5d0a1059] output={null}]]]>
              </value>
            </param>
          </params>
          <reporter-output>
            <line>
              <![CDATA[<a href='C:\Users\User\Documents\GitHub\rcgchallenge\test-output\screenshots\Report_22_06_2024_12_20_21_BUILD-1\performSubtractionTest.png'> <img src='C:\Users\User\Documents\GitHub\rcgchallenge\test-output\screenshots\Report_22_06_2024_12_20_21_BUILD-1\performSubtractionTest.png' height='100' width='100'/> </a>]]>
            </line>
          </reporter-output>
        </test-method> <!-- captureTest -->
        <test-method is-config="true" signature="tearDown()[pri:0, instance:ian.project.testcases.CalculatorTests@5d0a1059]" started-at="2024-06-22T00:20:37 PST" name="tearDown" finished-at="2024-06-22T00:20:37 PST" duration-ms="107" status="PASS">
          <reporter-output>
          </reporter-output>
        </test-method> <!-- tearDown -->
      </class> <!-- ian.project.testcases.CalculatorTests -->
    </test> <!-- Default test -->
  </suite> <!-- Default suite -->
</testng-results>
